\BOOKMARK [1][-]{section.1}{\376\377\000I\000n\000t\000r\000o\000d\000u\000c\000t\000i\000o\000n}{}% 1
\BOOKMARK [1][-]{section.2}{\376\377\000O\000n\000t\000o\000l\000o\000g\000y\000\040\000C\000r\000e\000a\000t\000i\000o\000n}{}% 2
\BOOKMARK [2][-]{subsection.2.1}{\376\377\000T\000B\000O\000X\000\040\000D\000e\000f\000i\000n\000i\000t\000i\000o\000n}{section.2}% 3
\BOOKMARK [3][-]{subsubsection.2.1.1}{\376\377\000C\000l\000a\000s\000s\000e\000s}{subsection.2.1}% 4
\BOOKMARK [3][-]{subsubsection.2.1.2}{\376\377\000P\000r\000o\000p\000e\000r\000t\000i\000e\000s}{subsection.2.1}% 5
\BOOKMARK [2][-]{subsection.2.2}{\376\377\000A\000B\000O\000X\000\040\000C\000r\000e\000a\000t\000i\000o\000n}{section.2}% 6
\BOOKMARK [2][-]{subsection.2.3}{\376\377\000I\000m\000p\000l\000e\000m\000e\000n\000t\000a\000t\000i\000o\000n\000\040\000D\000e\000t\000a\000i\000l\000s}{section.2}% 7
\BOOKMARK [2][-]{subsection.2.4}{\376\377\000D\000a\000t\000a\000\040\000V\000a\000l\000i\000d\000a\000t\000i\000o\000n\000\040\000a\000n\000d\000\040\000E\000r\000r\000o\000r\000\040\000H\000a\000n\000d\000l\000i\000n\000g}{section.2}% 8
\BOOKMARK [2][-]{subsection.2.5}{\376\377\000K\000n\000o\000w\000l\000e\000d\000g\000e\000\040\000G\000r\000a\000p\000h\000\040\000S\000t\000a\000t\000i\000s\000t\000i\000c\000s}{section.2}% 9
\BOOKMARK [2][-]{subsection.2.6}{\376\377\000A\000s\000s\000u\000m\000p\000t\000i\000o\000n\000s\000\040\000a\000n\000d\000\040\000D\000e\000s\000i\000g\000n\000\040\000D\000e\000c\000i\000s\000i\000o\000n\000s}{section.2}% 10
\BOOKMARK [2][-]{subsection.2.7}{\376\377\000Q\000u\000e\000r\000y\000i\000n\000g\000\040\000t\000h\000e\000\040\000O\000n\000t\000o\000l\000o\000g\000y}{section.2}% 11
\BOOKMARK [3][-]{subsubsection.2.7.1}{\376\377\000A\000u\000t\000h\000o\000r\000'\000s\000\040\000P\000u\000b\000l\000i\000c\000a\000t\000i\000o\000n\000\040\000H\000i\000s\000t\000o\000r\000y\000\040\000w\000i\000t\000h\000\040\000V\000e\000n\000u\000e\000\040\000D\000e\000t\000a\000i\000l\000s}{subsection.2.7}% 12
\BOOKMARK [3][-]{subsubsection.2.7.2}{\376\377\000T\000o\000p\000\040\000C\000i\000t\000e\000d\000\040\000A\000u\000t\000h\000o\000r\000s}{subsection.2.7}% 13
\BOOKMARK [1][-]{section.3}{\376\377\000K\000n\000o\000w\000l\000e\000d\000g\000e\000\040\000G\000r\000a\000p\000h\000\040\000E\000m\000b\000e\000d\000d\000i\000n\000g\000s}{}% 14
\BOOKMARK [2][-]{subsection.3.1}{\376\377\000I\000m\000p\000o\000r\000t\000i\000n\000g\000\040\000t\000h\000e\000\040\000D\000a\000t\000a}{section.3}% 15
\BOOKMARK [2][-]{subsection.3.2}{\376\377\000G\000e\000t\000t\000i\000n\000g\000\040\000f\000a\000m\000i\000l\000i\000a\000r\000\040\000w\000i\000t\000h\000\040\000K\000G\000E\000s}{section.3}% 16
\BOOKMARK [3][-]{subsubsection.3.2.1}{\376\377\000T\000h\000e\000\040\000m\000o\000s\000t\000\040\000b\000a\000s\000i\000c\000\040\000m\000o\000d\000e\000l}{subsection.3.2}% 17
\BOOKMARK [3][-]{subsubsection.3.2.2}{\376\377\000I\000m\000p\000r\000o\000v\000i\000n\000g\000\040\000T\000r\000a\000n\000s\000E}{subsection.3.2}% 18
\BOOKMARK [2][-]{subsection.3.3}{\376\377\000T\000r\000a\000i\000n\000i\000n\000g\000\040\000K\000G\000E\000s}{section.3}% 19
\BOOKMARK [3][-]{subsubsection.3.3.1}{\376\377\000T\000r\000a\000i\000n\000i\000n\000g\000\040\000P\000i\000p\000e\000l\000i\000n\000e}{subsection.3.3}% 20
\BOOKMARK [3][-]{subsubsection.3.3.2}{\376\377\000R\000e\000s\000u\000l\000t\000s\000\040\000a\000n\000d\000\040\000I\000n\000t\000e\000r\000p\000r\000e\000t\000a\000t\000i\000o\000n}{subsection.3.3}% 21
\BOOKMARK [2][-]{subsection.3.4}{\376\377\000E\000x\000p\000l\000o\000i\000t\000a\000t\000i\000o\000n\000\040\000a\000n\000a\000l\000y\000s\000i\000s}{section.3}% 22
\BOOKMARK [2][-]{subsection.3.5}{\376\377\000K\000e\000y\000w\000o\000r\000d\000\040\000A\000n\000a\000l\000y\000s\000i\000s\000\040\000b\000y\000\040\000C\000l\000u\000s\000t\000e\000r}{section.3}% 23
